0 info it worked if it ends with ok
1 verbose cli [ '/Users/albatrosary/.nodebrew/node/v5.12.0/bin/node',
1 verbose cli   '/Users/albatrosary/.nodebrew/current/bin/npm',
1 verbose cli   'run',
1 verbose cli   'test' ]
2 info using npm@3.8.6
3 info using node@v5.12.0
4 verbose run-script [ 'pretest', 'test', 'posttest' ]
5 info lifecycle angular2-quickstart@1.0.0~pretest: angular2-quickstart@1.0.0
6 silly lifecycle angular2-quickstart@1.0.0~pretest: no script for pretest, continuing
7 info lifecycle angular2-quickstart@1.0.0~test: angular2-quickstart@1.0.0
8 verbose lifecycle angular2-quickstart@1.0.0~test: unsafe-perm in lifecycle true
9 verbose lifecycle angular2-quickstart@1.0.0~test: PATH: /Users/albatrosary/.nodebrew/node/v5.12.0/lib/node_modules/npm/bin/node-gyp-bin:/Users/albatrosary/Sandbox/HeroEditor/node_modules/.bin:/Users/albatrosary/.nodebrew/node/v5.12.0/bin:/usr/local/heroku/bin:/opt/local/bin:/opt/local/sbin:/Users/albatrosary/.nodebrew/current/bin:/usr/local/bin:/usr/bin:/bin:/usr/sbin:/sbin:/usr/local/go/bin
10 verbose lifecycle angular2-quickstart@1.0.0~test: CWD: /Users/albatrosary/Sandbox/HeroEditor
11 silly lifecycle angular2-quickstart@1.0.0~test: Args: [ '-c',
11 silly lifecycle   'tsc && concurrently "tsc -w" "karma start karma.conf.js"' ]
12 silly lifecycle angular2-quickstart@1.0.0~test: Returned: code: 2  signal: null
13 info lifecycle angular2-quickstart@1.0.0~test: Failed to exec test script
14 verbose stack Error: angular2-quickstart@1.0.0 test: `tsc && concurrently "tsc -w" "karma start karma.conf.js"`
14 verbose stack Exit status 2
14 verbose stack     at EventEmitter.<anonymous> (/Users/albatrosary/.nodebrew/node/v5.12.0/lib/node_modules/npm/lib/utils/lifecycle.js:239:16)
14 verbose stack     at emitTwo (events.js:100:13)
14 verbose stack     at EventEmitter.emit (events.js:185:7)
14 verbose stack     at ChildProcess.<anonymous> (/Users/albatrosary/.nodebrew/node/v5.12.0/lib/node_modules/npm/lib/utils/spawn.js:24:14)
14 verbose stack     at emitTwo (events.js:100:13)
14 verbose stack     at ChildProcess.emit (events.js:185:7)
14 verbose stack     at maybeClose (internal/child_process.js:850:16)
14 verbose stack     at Process.ChildProcess._handle.onexit (internal/child_process.js:215:5)
15 verbose pkgid angular2-quickstart@1.0.0
16 verbose cwd /Users/albatrosary/Sandbox/HeroEditor
17 error Darwin 15.6.0
18 error argv "/Users/albatrosary/.nodebrew/node/v5.12.0/bin/node" "/Users/albatrosary/.nodebrew/current/bin/npm" "run" "test"
19 error node v5.12.0
20 error npm  v3.8.6
21 error code ELIFECYCLE
22 error angular2-quickstart@1.0.0 test: `tsc && concurrently "tsc -w" "karma start karma.conf.js"`
22 error Exit status 2
23 error Failed at the angular2-quickstart@1.0.0 test script 'tsc && concurrently "tsc -w" "karma start karma.conf.js"'.
23 error Make sure you have the latest version of node.js and npm installed.
23 error If you do, this is most likely a problem with the angular2-quickstart package,
23 error not with npm itself.
23 error Tell the author that this fails on your system:
23 error     tsc && concurrently "tsc -w" "karma start karma.conf.js"
23 error You can get information on how to open an issue for this project with:
23 error     npm bugs angular2-quickstart
23 error Or if that isn't available, you can get their info via:
23 error     npm owner ls angular2-quickstart
23 error There is likely additional logging output above.
24 verbose exit [ 1, true ]
